\BOOKMARK [0][]{titlepage.0}{\376\377\000S\000t\000r\000o\000n\000a\000\040\000t\000y\000t\000u\001\102\000o\000w\000a}{}% 1
\BOOKMARK [0][]{tableofcontents.0}{\376\377\000S\000p\000i\000s\000\040\000t\000r\000e\001\133\000c\000i}{}% 2
\BOOKMARK [0][]{section*.1}{\376\377\000S\000t\000r\000e\000s\000z\000c\000z\000e\000n\000i\000e}{}% 3
\BOOKMARK [0][]{section*.3}{\376\377\000A\000b\000s\000t\000r\000a\000c\000t}{}% 4
\BOOKMARK [0][]{section*.5}{\376\377\000W\000s\000t\001\031\000p}{}% 5
\BOOKMARK [0][]{chapter.1}{\376\377\000O\000p\000i\000s\000\040\000t\000e\000o\000r\000e\000t\000y\000c\000z\000n\000y\000\040\000d\000o\000s\000t\001\031\000p\000n\000y\000c\000h\000\040\000m\000e\000t\000o\000d}{}% 6
\BOOKMARK [1][-]{section.1.1}{\376\377\000P\000o\000s\000t\000a\000w\000i\000e\000n\000i\000e\000\040\000p\000r\000o\000b\000l\000e\000m\000u\000\040\000i\000\040\000p\000o\000d\000s\000t\000a\000w\000o\000w\000e\000\040\000o\000z\000n\000a\000c\000z\000e\000n\000i\000a}{chapter.1}% 7
\BOOKMARK [1][-]{section.1.2}{\376\377\000M\000o\000d\000e\000l\000\040\000p\000r\000o\000p\000o\000r\000c\000j\000o\000n\000a\000l\000n\000y\000c\000h\000\040\000s\000z\000a\000n\000s}{chapter.1}% 8
\BOOKMARK [1][-]{section.1.3}{\376\377\000W\000e\000k\000t\000o\000r\000y\000\040\000m\000a\000s\000z\000y\000n\000\040\000p\000o\000d\000p\000i\000e\000r\000a\000j\001\005\000c\000y\000c\000h\000\040\000\050\000S\000V\000M\000\051}{chapter.1}% 9
\BOOKMARK [1][-]{section.1.4}{\376\377\000S\000i\000e\000c\000i\000\040\000n\000e\000u\000r\000o\000n\000o\000w\000e}{chapter.1}% 10
\BOOKMARK [1][-]{section.1.5}{\376\377\000M\000e\000t\000o\000d\000a\000\040\000F\000r\000a\000n\000k\000a\000\040\000i\000\040\000H\000a\000l\000l\000a}{chapter.1}% 11
\BOOKMARK [1][-]{section.1.6}{\376\377\000P\000r\000o\000c\000e\000s\000y\000\040\000g\000a\000u\000s\000s\000o\000w\000s\000k\000i\000e}{chapter.1}% 12
\BOOKMARK [0][]{chapter.2}{\376\377\000D\000i\000a\000g\000n\000o\000s\000t\000y\000k\000a\000\040\000m\000o\000d\000e\000l\000u}{}% 13
\BOOKMARK [1][-]{section.2.1}{\376\377\000W\000s\000k\000a\001\172\000n\000i\000k\000i\000\040\000d\000i\000a\000g\000n\000o\000s\000t\000y\000c\000z\000n\000e}{chapter.2}% 14
\BOOKMARK [1][-]{section.2.2}{\376\377\000P\000r\000o\000c\000e\000n\000t\000\040\000p\000o\000p\000r\000a\000w\000n\000e\000j\000\040\000k\000l\000a\000s\000y\000f\000i\000k\000a\000c\000j\000i\000\040\000\050\000A\000C\000C\000\051}{chapter.2}% 15
\BOOKMARK [1][-]{section.2.3}{\376\377\001\132\000r\000e\000d\000n\000i\000\040\000b\001\102\001\005\000d\000\040\000b\000e\000z\000w\000z\000g\000l\001\031\000d\000n\000y}{chapter.2}% 16
\BOOKMARK [1][-]{section.2.4}{\376\377\000K\000r\000z\000y\000w\000a\000\040\000R\000O\000C\000\040\000w\000\040\000p\000r\000z\000y\000p\000a\000d\000k\000u\000\040\000d\000w\000u\000k\000l\000a\000s\000o\000w\000y\000m}{chapter.2}% 17
\BOOKMARK [1][-]{section.2.5}{\376\377\000K\000r\000z\000y\000w\000a\000\040\000R\000O\000C\000\040\000w\000\040\000p\000r\000z\000y\000p\000a\000d\000k\000u\000\040\000r\000e\000g\000r\000e\000s\000j\000i\000\040\000p\000o\000r\000z\001\005\000d\000k\000o\000w\000e\000j}{chapter.2}% 18
\BOOKMARK [1][-]{section.2.6}{\376\377\000W\000s\000p\000\363\001\102\000c\000z\000y\000n\000n\000i\000k\000\040\000V\000U\000S}{chapter.2}% 19
\BOOKMARK [0][]{chapter.3}{\376\377\000P\000o\000r\000\363\000w\000n\000a\000n\000i\000e\000\040\000m\000e\000t\000o\000d\000\040\000m\000o\000d\000e\000l\000o\000w\000a\000n\000i\000a\000\040\000i\000\040\000w\000s\000p\000\363\001\102\000c\000z\000y\000n\000n\000i\000k\000\363\000w\000\040\000d\000i\000a\000g\000n\000o\000s\000t\000y\000c\000z\000n\000y\000c\000h}{}% 20
\BOOKMARK [1][-]{section.3.1}{\376\377\000O\000p\000i\000s\000\040\000e\000k\000s\000p\000e\000r\000y\000m\000e\000n\000t\000u}{chapter.3}% 21
\BOOKMARK [1][-]{section.3.2}{\376\377\000W\000s\000t\001\031\000p\000n\000a\000\040\000a\000n\000a\000l\000i\000z\000a\000\040\000w\000y\000n\000i\000k\000\363\000w}{chapter.3}% 22
\BOOKMARK [1][-]{section.3.3}{\376\377\000W\000s\000p\000\363\001\102\000c\000z\000y\000n\000n\000i\000k\000\040\000B\000S\000C}{chapter.3}% 23
\BOOKMARK [1][-]{section.3.4}{\376\377\000D\000a\000l\000s\000z\000e\000\040\000w\000n\000i\000o\000s\000k\000i}{chapter.3}% 24
\BOOKMARK [0][]{section*.19}{\376\377\000P\000o\000d\000s\000u\000m\000o\000w\000a\000n\000i\000e}{}% 25
\BOOKMARK [0][]{section*.20}{\376\377\000L\000i\000t\000e\000r\000a\000t\000u\000r\000a}{}% 26
\BOOKMARK [0][]{statement.0}{\376\377\000O\001\133\000w\000i\000a\000d\000c\000z\000e\000n\000i\000e}{}% 27
