total data point num: 118
2: 0.990446 0.970194 0.872716 0.164643 0.0380628 0.00729899 0.000713682 0.00493006 0.0168935 0.015229
1: 0.991679 0.840666 0.175841 0.0201459 0.00217361 0.000501836 9.50014e-05 0.00109749 0.0105406 0.0123285
6: 0.992732 0.999311 0.999834 0.996932 0.977982 0.910488 0.729991 0.33776 0.0725412 0.0393725
2: 0.990298 0.971619 0.887887 0.175362 0.0431548 0.00831881 0.000770719 0.00529083 0.0173295 0.0154695
4: 0.991388 0.997246 0.997157 0.91329 0.6326 0.224208 0.043958 0.0497976 0.0348198 0.023338
4: 0.991644 0.997337 0.996697 0.898742 0.571631 0.172399 0.0333032 0.0411096 0.0319651 0.0216035
1: 0.991299 0.662082 0.0367849 0.00772227 0.000651173 0.000157743 4.77992e-05 0.000615831 0.00917342 0.012903
1: 0.991778 0.737545 0.0663539 0.00944917 0.000892538 0.000219185 4.82723e-05 0.000683216 0.00920796 0.0117862
1: 0.991623 0.826651 0.15768 0.0169643 0.0019004 0.000443025 7.85502e-05 0.000999714 0.0102726 0.0121007
2: 0.990837 0.986732 0.96076 0.414147 0.113314 0.0220749 0.00261922 0.0101778 0.0208348 0.0170354
6: 0.993258 0.999352 0.999884 0.998632 0.988922 0.961506 0.895404 0.480193 0.0897363 0.0474849
2: 0.990945 0.98662 0.958466 0.405775 0.106743 0.0205127 0.00249833 0.00976635 0.0204183 0.0167815
4: 0.991891 0.996639 0.997747 0.953812 0.776864 0.44484 0.124605 0.0894419 0.0454957 0.0296472
6: 0.991529 0.999285 0.999767 0.99393 0.961423 0.818141 0.511816 0.238752 0.0620237 0.035218
1: 0.991015 0.57292 0.0214478 0.00465832 0.000409873 0.000102457 2.97293e-05 0.000470517 0.00856099 0.012643
6: 0.991309 0.999267 0.999859 0.996728 0.982 0.924663 0.730808 0.367781 0.0770391 0.0428571
6: 0.993369 0.999395 0.999888 0.998617 0.988469 0.958734 0.88856 0.46822 0.0872533 0.0459172
3: 0.991263 0.994748 0.990993 0.751175 0.340578 0.0780624 0.0112267 0.0230346 0.0269032 0.019601
1: 0.991636 0.897135 0.336099 0.0375714 0.00444176 0.000973038 0.000170095 0.00161982 0.0117158 0.0128504
4: 0.991574 0.998532 0.999013 0.970312 0.833359 0.455057 0.136334 0.0949441 0.0431482 0.0268497
4: 0.990267 0.993942 0.995158 0.861786 0.59947 0.248447 0.03683 0.0516167 0.037646 0.0268074
6: 0.993042 0.999174 0.999824 0.997581 0.982138 0.936552 0.812922 0.392707 0.0805373 0.0438552
2: 0.993468 0.979576 0.844012 0.266202 0.0295996 0.00569925 0.00125593 0.00466203 0.015629 0.0133925
1: 0.991652 0.831968 0.163227 0.0181818 0.00199208 0.000462896 8.50526e-05 0.00103618 0.010384 0.0122021
1: 0.991416 0.662076 0.0367216 0.00718114 0.00061464 0.000151751 4.26818e-05 0.000587737 0.00902764 0.0124928
6: 0.993852 0.999331 0.999802 0.997662 0.976383 0.911397 0.794357 0.348397 0.0725019 0.0388524
1: 0.991394 0.831956 0.179939 0.0165136 0.0020898 0.000483354 7.30413e-05 0.00101685 0.010379 0.0120384
1: 0.991589 0.858413 0.221097 0.0229697 0.0026869 0.000610792 0.000104275 0.00120881 0.0108088 0.0123578
2: 0.990526 0.967524 0.849914 0.157121 0.0336946 0.00656529 0.000705572 0.00472208 0.0168419 0.0153507
3: 0.991352 0.992883 0.98277 0.642491 0.215436 0.0434774 0.00660165 0.0162731 0.0236877 0.0181337
5: 0.990972 0.997352 0.999382 0.987681 0.950067 0.852487 0.482442 0.252905 0.0692046 0.0430385
3: 0.993657 0.995505 0.985834 0.800466 0.250344 0.0533716 0.0144247 0.0192688 0.024692 0.0174081
1: 0.990992 0.611677 0.027109 0.0059814 0.000516603 0.000126645 3.86113e-05 0.00054362 0.00897222 0.0130345
4: 0.994519 0.998085 0.997148 0.96851 0.674421 0.295489 0.137992 0.0670661 0.0371443 0.0229465
1: 0.991243 0.919053 0.473213 0.0488087 0.0069718 0.00148132 0.000210407 0.00200868 0.0125995 0.0132063
6: 0.993526 0.999153 0.999757 0.997093 0.973967 0.906736 0.76938 0.3378 0.0735409 0.0402875
1: 0.991755 0.909228 0.370241 0.0482189 0.00526406 0.00114316 0.00022843 0.00184921 0.0121863 0.0132377
6: 0.993255 0.999296 0.999852 0.997989 0.984065 0.941936 0.835339 0.408657 0.0809969 0.0433959
4: 0.991311 0.997353 0.997652 0.923815 0.67952 0.268862 0.0521359 0.0566771 0.036298 0.0240815
6: 0.991287 0.998937 0.999749 0.993358 0.966892 0.869076 0.548729 0.275604 0.0664986 0.0385319
1: 0.991933 0.863307 0.201156 0.0292232 0.00271253 0.000612786 0.000148038 0.00131634 0.0110105 0.0128881
3: 0.991259 0.990341 0.971367 0.548494 0.152043 0.0298579 0.00467073 0.0130217 0.022464 0.0178223
3: 0.994208 0.995841 0.989482 0.886705 0.365817 0.103072 0.0354656 0.0301936 0.0294537 0.019967
3: 0.994549 0.995905 0.986927 0.864669 0.289189 0.0728092 0.0260508 0.024268 0.0261001 0.0178497
3: 0.995069 0.996235 0.982832 0.841324 0.207932 0.0446985 0.0183966 0.0180573 0.0226128 0.015521
4: 0.99105 0.995983 0.99552 0.867227 0.544032 0.175736 0.0289895 0.0407345 0.0332613 0.0231104
4: 0.991332 0.997564 0.997954 0.935532 0.71296 0.301916 0.0635446 0.0629469 0.0377375 0.0247886
1: 0.991815 0.928109 0.453232 0.0710052 0.00737707 0.00156641 0.000353103 0.0023132 0.0131155 0.0138665
5: 0.994484 0.998606 0.998652 0.986628 0.835629 0.527016 0.320559 0.119097 0.0461466 0.0272512
3: 0.99464 0.9962 0.988601 0.895656 0.340331 0.0923848 0.0377453 0.0288958 0.0283725 0.0191186
6: 0.991551 0.998614 0.99976 0.995529 0.978628 0.930689 0.725121 0.370025 0.0803893 0.0464839
6: 0.991341 0.999092 0.999786 0.994543 0.970921 0.87955 0.593739 0.291385 0.0683728 0.0390545
3: 0.990727 0.993807 0.991307 0.731717 0.360292 0.0926637 0.0110837 0.0252528 0.0275286 0.0202488
3: 0.993636 0.99546 0.991771 0.903092 0.46442 0.157218 0.0491345 0.0397693 0.0336334 0.0227983
5: 0.992895 0.998558 0.999137 0.984177 0.882322 0.608114 0.281047 0.134982 0.0500033 0.0298143
2: 0.991563 0.937224 0.556708 0.0740682 0.00957939 0.00199718 0.00033454 0.00250495 0.0132591 0.0135917
2: 0.991142 0.944469 0.647537 0.0791223 0.0125852 0.00256882 0.000336247 0.00277074 0.0137656 0.0137066
5: 0.994269 0.998607 0.998719 0.984384 0.8304 0.50786 0.271353 0.111188 0.0447372 0.026452
3: 0.993213 0.995153 0.987588 0.797962 0.28555 0.0653448 0.0149881 0.021359 0.0260387 0.0183708
1: 0.991856 0.791409 0.100229 0.0149542 0.00135928 0.000321891 7.75885e-05 0.000885582 0.00986985 0.0123173
4: 0.991761 0.99497 0.994692 0.869736 0.54131 0.200754 0.0342665 0.0439709 0.0341207 0.023667
6: 0.992577 0.999497 0.999927 0.998722 0.991438 0.966731 0.889279 0.498107 0.0900137 0.0469012
4: 0.994204 0.998282 0.998187 0.978286 0.780097 0.429249 0.208531 0.092793 0.0423962 0.0256815
1: 0.991574 0.924882 0.463388 0.0611426 0.00723876 0.00154259 0.00028632 0.00219118 0.0129562 0.0135964
2: 0.990778 0.982834 0.940426 0.326589 0.0799527 0.0153999 0.00181395 0.00813671 0.019603 0.0165424
3: 0.991623 0.991045 0.985049 0.716216 0.305857 0.0853044 0.0125513 0.0240617 0.0288221 0.0214391
6: 0.992792 0.99944 0.999884 0.997932 0.984737 0.937005 0.80766 0.395329 0.0781352 0.0414402
1: 0.991781 0.731252 0.0617722 0.00949867 0.000864068 0.000211651 4.99824e-05 0.000681111 0.00920629 0.0119342
6: 0.992532 0.99897 0.999687 0.994242 0.961249 0.852817 0.586303 0.261966 0.0659092 0.0373731
3: 0.993428 0.992666 0.970364 0.649798 0.142703 0.0280258 0.00661639 0.0125481 0.0218741 0.0163348
2: 0.990632 0.984106 0.951476 0.346632 0.0938599 0.0182495 0.00195083 0.00885739 0.0200176 0.016688
4: 0.994482 0.998609 0.998478 0.982012 0.793392 0.438962 0.229917 0.095877 0.0416931 0.02477
6: 0.992776 0.999289 0.999816 0.996718 0.975697 0.90143 0.714705 0.32452 0.0713129 0.0388719
2: 0.990376 0.967532 0.85715 0.154009 0.0349932 0.00681405 0.000679875 0.00475578 0.0169198 0.0153678
2: 0.990775 0.973076 0.87615 0.203442 0.0415395 0.00803355 0.000981936 0.00549413 0.0175784 0.015712
1: 0.991534 0.925027 0.481492 0.0577029 0.00738214 0.0015635 0.00025808 0.00214559 0.0127094 0.0133221
5: 0.991166 0.998736 0.999642 0.990543 0.953003 0.818416 0.449058 0.230362 0.0622757 0.0368801
6: 0.992122 0.999042 0.999817 0.996614 0.980566 0.929906 0.750595 0.37149 0.0785965 0.0438372
5: 0.992739 0.998743 0.999419 0.988769 0.920404 0.711922 0.372976 0.171474 0.0548111 0.0320435
2: 0.990528 0.954196 0.755649 0.0973449 0.0196285 0.00386251 0.000404486 0.00337904 0.0152194 0.0145061
6: 0.993465 0.999459 0.9999 0.99872 0.989063 0.959685 0.891364 0.471449 0.0864526 0.0450223
1: 0.991726 0.820504 0.140287 0.0171564 0.00175966 0.0004128 8.29533e-05 0.000987108 0.0102436 0.0122299
6: 0.991343 0.997804 0.999457 0.990207 0.954506 0.859388 0.53334 0.263454 0.0706368 0.0430143
6: 0.992859 0.999184 0.999856 0.998103 0.986749 0.954843 0.861966 0.448597 0.0878758 0.0476313
6: 0.993032 0.998574 0.999521 0.994136 0.955567 0.853664 0.632933 0.266743 0.0689749 0.039919
1: 0.991108 0.643867 0.0331731 0.00727606 0.000618981 0.000149057 4.66171e-05 0.000602831 0.00917055 0.0131659
6: 0.992905 0.999426 0.999862 0.997707 0.981647 0.923505 0.786279 0.368585 0.0754257 0.0402219
1: 0.991747 0.87142 0.238497 0.0286935 0.00305428 0.000688214 0.000135862 0.00134715 0.011129 0.0126774
6: 0.993068 0.999063 0.999774 0.996961 0.977184 0.919729 0.772001 0.355935 0.0769625 0.0425132
6: 0.993526 0.999066 0.999693 0.996129 0.96559 0.876103 0.699392 0.292954 0.0686498 0.0381013
4: 0.994443 0.997339 0.995289 0.95404 0.582978 0.227863 0.102238 0.0548798 0.0356316 0.022801
2: 0.990406 0.987012 0.970001 0.439006 0.144932 0.0301144 0.00300002 0.0119539 0.0220986 0.0178172
2: 0.990564 0.988675 0.974537 0.491649 0.165341 0.0345757 0.00371692 0.0132283 0.0227248 0.0180625
2: 0.990366 0.949957 0.737017 0.0844654 0.0178263 0.00352269 0.000342763 0.00314413 0.0149441 0.014364
1: 0.991785 0.885807 0.272444 0.0355129 0.00365026 0.000811571 0.000171629 0.00151613 0.0115799 0.0130032
4: 0.991277 0.997879 0.998717 0.955833 0.80492 0.434733 0.09971 0.0860855 0.0417347 0.0266981
3: 0.990343 0.992987 0.992439 0.796315 0.468308 0.153872 0.0207474 0.0361789 0.0333339 0.0243486
5: 0.993117 0.998145 0.999142 0.989738 0.92065 0.753304 0.472995 0.195038 0.0608591 0.0363786
1: 0.99153 0.628075 0.02967 0.00549246 0.000482113 0.000121965 3.15362e-05 0.000500589 0.00852723 0.0119151
3: 0.990535 0.98746 0.985122 0.713803 0.371203 0.126481 0.0160995 0.0308322 0.0332644 0.0253411
5: 0.992713 0.997953 0.999163 0.988915 0.925481 0.769664 0.463789 0.201117 0.0625226 0.0377149
3: 0.991684 0.99572 0.991593 0.788008 0.341567 0.0749629 0.0132621 0.0236052 0.0260684 0.0189354
4: 0.990992 0.996095 0.99618 0.874882 0.579668 0.201278 0.0312103 0.044158 0.0337681 0.0233196
4: 0.994103 0.997154 0.995608 0.95135 0.606533 0.247043 0.099069 0.0571389 0.0367928 0.0236448
2: 0.99044 0.985606 0.962887 0.399694 0.122111 0.0248343 0.00255034 0.010668 0.0214289 0.0175208
2: 0.990672 0.985835 0.959328 0.398559 0.111933 0.0221334 0.00250138 0.0101092 0.0209701 0.0172156
6: 0.992832 0.999396 0.999859 0.997377 0.980502 0.918544 0.756007 0.353283 0.0734682 0.0393713
4: 0.991854 0.995547 0.995738 0.902875 0.613603 0.253337 0.0502021 0.0530402 0.0373569 0.0253887
6: 0.993527 0.999097 0.999717 0.996539 0.969075 0.88893 0.728831 0.310135 0.0706251 0.0390096
1: 0.991719 0.779961 0.0978132 0.0121197 0.00123289 0.000296916 5.90338e-05 0.000803089 0.00965878 0.0118843
7: 0.993256 0.999529 0.999934 0.99914 0.993265 0.975834 0.931122 0.553046 0.0965215 0.0493904
5: 0.991416 0.998475 0.999222 0.975471 0.874624 0.562879 0.178258 0.118225 0.0468644 0.0288895
1: 0.991615 0.858066 0.220598 0.0227958 0.00266938 0.000606396 0.00010308 0.00120132 0.0107487 0.0123094
2: 0.991128 0.965942 0.811818 0.147206 0.0258882 0.00507887 0.000653338 0.00420481 0.0154735 0.0144776
2: 0.989526 0.97341 0.930327 0.245117 0.0796116 0.017389 0.00139721 0.00820643 0.0207283 0.017954
1: 0.991047 0.647686 0.0337972 0.00745214 0.000632195 0.000152776 4.80035e-05 0.000614194 0.0093023 0.0132615
1: 0.991639 0.675173 0.0406636 0.00694194 0.000615911 0.000154268 3.83435e-05 0.000570649 0.00884027 0.0119131
6: 0.993515 0.999127 0.999741 0.996869 0.972118 0.9001 0.753214 0.326702 0.0723938 0.0398117
mean zero one error: 0.516949
class 1 0
	Recall: 0 (0/3)
	Precison: -nan (0/0)
class 2 1
	Recall: 0.75 (21/28)
	Precison: 0.75 (21/28)
class 3 2
	Recall: 0.526316 (10/19)
	Precison: 0.5 (10/20)
class 4 3
	Recall: 0.583333 (7/12)
	Precison: 0.4375 (7/16)
class 5 4
	Recall: 0.538462 (7/13)
	Precison: 0.411765 (7/17)
class 6 5
	Recall: 0.176471 (3/17)
	Precison: 0.333333 (3/9)
class 7 6
	Recall: 0.692308 (9/13)
	Precison: 0.333333 (9/27)
class 8 7
	Recall: 0 (0/9)
	Precison: 0 (0/1)
class 9 8
	Recall: 0 (0/2)
	Precison: -nan (0/0)
class 10 9
	Recall: 0 (0/2)
	Precison: -nan (0/0)
mean absolute error: 0.661017

