total data point num: 63
2: 0.986588 0.983707 0.869952 0.484684 0.315905 0.178258 0.0937334 0.0840505 0.0626077 0.0261952
4: 0.975799 0.986759 0.94693 0.764018 0.627186 0.457891 0.334155 0.266207 0.179616 0.0918879
1: 0.989889 0.590356 0.108526 0.0218065 0.0104256 0.00643303 0.00364347 0.00489548 0.00595724 0.00365185
0: 0.988776 0.0926226 0.00978618 0.00245625 0.00128238 0.000955808 0.000608534 0.00107006 0.00172578 0.00142766
0: 0.987461 0.152789 0.0195094 0.00482557 0.00257487 0.00183483 0.00118578 0.00194084 0.00288796 0.00223774
0: 0.990471 0.0306038 0.00253389 0.000666108 0.000351965 0.000281956 0.000174241 0.000359894 0.000682319 0.000622123
0: 0.988018 0.234211 0.0308706 0.00722486 0.00373448 0.00256564 0.00161467 0.00249649 0.00351195 0.00259001
2: 0.983662 0.934707 0.68737 0.282974 0.163327 0.095911 0.0583164 0.0548687 0.0444016 0.0237016
0: 0.987903 0.133971 0.0159721 0.00400034 0.00209714 0.0015192 0.000977299 0.00161521 0.0024393 0.00196213
0: 0.986686 0.196603 0.0280604 0.00697725 0.00373632 0.0026104 0.00170312 0.00265495 0.00374806 0.00285611
3: 0.99179 0.996155 0.932066 0.595007 0.383185 0.20947 0.0808868 0.0676239 0.0447474 0.0161789
0: 0.988583 0.100057 0.0108198 0.00271621 0.00142045 0.00105194 0.00067129 0.00116592 0.00185625 0.00152628
1: 0.983171 0.655827 0.234878 0.0623936 0.034261 0.0212581 0.0140408 0.0165852 0.0173525 0.0109428
1: 0.986193 0.874962 0.462404 0.131472 0.0701639 0.0400979 0.0232945 0.0251194 0.0236175 0.0125465
0: 0.989543 0.120561 0.0122582 0.00297064 0.00146216 0.0010873 0.000684713 0.0011401 0.00176224 0.00147184
2: 0.988856 0.97587 0.778723 0.336759 0.181383 0.101527 0.0499347 0.0452348 0.034913 0.0163614
0: 0.988721 0.192611 0.0226136 0.00530872 0.00268343 0.00189166 0.00118462 0.00188074 0.00274401 0.00209945
0: 0.989221 0.102306 0.0103953 0.00253713 0.00130975 0.000965477 0.000605695 0.00106147 0.00170974 0.00138733
4: 0.975799 0.986759 0.94693 0.764018 0.627186 0.457891 0.334155 0.266207 0.179616 0.0918879
5: 0.97772 0.994164 0.973242 0.861472 0.746814 0.593285 0.438653 0.331368 0.204938 0.10783
0: 0.988369 0.21597 0.0270815 0.00630402 0.00323326 0.00224449 0.00140833 0.00221103 0.00317378 0.00235767
6: 0.977688 0.996942 0.984991 0.90775 0.837994 0.693463 0.528551 0.424646 0.278315 0.124474
0: 0.990656 0.0258194 0.00208633 0.000553305 0.000293845 0.000237781 0.000146364 0.000309595 0.000600261 0.00055449
0: 0.987167 0.265976 0.0408283 0.0106693 0.00482809 0.00365385 0.0024738 0.00323182 0.00400547 0.00358745
0: 0.985603 0.271571 0.0463552 0.0115505 0.00622383 0.00424696 0.00281597 0.00412309 0.00545586 0.00400598
1: 0.984946 0.642002 0.200063 0.0499599 0.0263165 0.0164282 0.0105065 0.0126761 0.0136682 0.00865911
8: 0.976346 0.999775 0.998886 0.990098 0.983831 0.951581 0.880916 0.805381 0.619206 0.274631
0: 0.988674 0.33098 0.0457441 0.0100405 0.00509706 0.00336682 0.00204436 0.003053 0.00415064 0.0028487
7: 0.972133 0.998136 0.992923 0.957276 0.923107 0.838635 0.728197 0.610649 0.420058 0.212842
0: 0.987532 0.464841 0.0873171 0.0195155 0.0100126 0.00639541 0.00392856 0.00539033 0.00663973 0.00437282
0: 0.988482 0.121042 0.0135447 0.0033394 0.00174345 0.00126871 0.000807293 0.00136943 0.00212308 0.00170366
2: 0.971795 0.90913 0.7571 0.417936 0.286797 0.187879 0.144309 0.127218 0.0987155 0.059608
0: 0.985956 0.253495 0.0411397 0.0102119 0.00547844 0.00376211 0.00247878 0.00368233 0.00495442 0.00366768
0: 0.988827 0.125652 0.0136863 0.0033097 0.00171303 0.00124344 0.000784528 0.00133367 0.00207828 0.00164629
9: 0.936673 0.999563 0.999332 0.996733 0.994544 0.987276 0.978988 0.951206 0.866592 0.7079
0: 0.987258 0.480438 0.0942768 0.0209765 0.0109668 0.0069315 0.00426091 0.00587093 0.00727509 0.00464022
0: 0.988038 0.12072 0.0140125 0.00349555 0.00185542 0.00134606 0.000862393 0.00146478 0.00226905 0.00180965
0: 0.987985 0.23904 0.0319254 0.00743096 0.00384885 0.00264 0.0016641 0.00257215 0.00362054 0.00264245
0: 0.989393 0.0886406 0.00868193 0.00213104 0.00110822 0.000821948 0.000513273 0.000922872 0.00152355 0.00124618
1: 0.985188 0.671392 0.217386 0.0531437 0.0286124 0.0173794 0.0109218 0.0133618 0.0145272 0.00869273
1: 0.991721 0.884598 0.329405 0.0653914 0.0301623 0.0164164 0.00790962 0.0093937 0.00980934 0.00479964
2: 0.982025 0.961439 0.809299 0.42429 0.272826 0.164224 0.102413 0.0916877 0.0707978 0.0350551
0: 0.987539 0.151605 0.0192189 0.00479368 0.00252528 0.0018107 0.00117322 0.00190107 0.00280267 0.00221842
0: 0.991162 0.0305226 0.00233008 0.000592573 0.000309368 0.000246017 0.000149005 0.0003124 0.000603772 0.000541999
0: 0.988054 0.387879 0.0615978 0.0135605 0.00699112 0.0045274 0.0027677 0.00400956 0.00525451 0.00349234
1: 0.986367 0.857775 0.42106 0.113227 0.0607119 0.0345322 0.0200338 0.0223095 0.0217346 0.0114172
0: 0.986204 0.309362 0.0542263 0.0136462 0.00676625 0.00479021 0.00320817 0.00435713 0.00544674 0.00427722
0: 0.989032 0.16812 0.0186817 0.00440802 0.00221782 0.00158176 0.000987677 0.00159792 0.00237725 0.00185865
0: 0.986673 0.350924 0.0600784 0.0140805 0.007442 0.00491156 0.00312638 0.00449023 0.00582608 0.00402769
7: 0.98359 0.999425 0.995332 0.958715 0.925855 0.817409 0.612425 0.502144 0.321576 0.111856
1: 0.985976 0.607616 0.163701 0.0383492 0.0204087 0.0125349 0.00778061 0.00992296 0.0112675 0.00691675
0: 0.989737 0.0755039 0.00706314 0.00174574 0.000899883 0.000678382 0.000422825 0.000774323 0.00130646 0.00109389
0: 0.989187 0.102672 0.0104702 0.0025547 0.00132206 0.000973113 0.000610564 0.0010708 0.00172453 0.00139575
1: 0.987432 0.816094 0.327987 0.0798966 0.040819 0.0236638 0.0135905 0.0156028 0.0157222 0.0087249
0: 0.986798 0.212012 0.0308126 0.00766077 0.00399851 0.00281879 0.00184982 0.00280617 0.00388135 0.00299858
0: 0.988064 0.219212 0.027925 0.00653278 0.00341874 0.00234519 0.00146667 0.00231609 0.00332955 0.00243986
0: 0.990454 0.0335338 0.00281201 0.000734493 0.000383565 0.000307481 0.000190741 0.000387221 0.000723629 0.000658632
0: 0.988099 0.14068 0.0165701 0.00406684 0.00213948 0.00153496 0.000978857 0.00162837 0.00247345 0.00194075
2: 0.987918 0.979133 0.822301 0.39445 0.23384 0.12893 0.0651341 0.0595294 0.045382 0.0198468
0: 0.989478 0.115629 0.011464 0.00272405 0.001406 0.00101722 0.000628137 0.00109856 0.00176433 0.00139067
0: 0.991345 0.011563 0.000876683 0.000244377 0.000134527 0.000113302 6.87997e-05 0.000161171 0.000341129 0.000336279
0: 0.988549 0.21764 0.0268052 0.00630659 0.00314664 0.00221432 0.00139458 0.00214629 0.00304116 0.00233315
0: 0.988788 0.348831 0.0491926 0.0108177 0.00536454 0.00357101 0.00217685 0.00317407 0.00423046 0.00294761
mean zero one error: 0.333333
class 1 0
	Recall: 0.941176 (32/34)
	Precison: 0.820513 (32/39)
class 2 1
	Recall: 0.363636 (4/11)
	Precison: 0.444444 (4/9)
class 3 2
	Recall: 0.375 (3/8)
	Precison: 0.5 (3/6)
class 4 3
	Recall: 0 (0/1)
	Precison: 0 (0/1)
class 5 4
	Recall: 0.333333 (1/3)
	Precison: 0.5 (1/2)
class 6 5
	Recall: 0 (0/1)
	Precison: 0 (0/1)
class 7 6
	Recall: 1 (1/1)
	Precison: 1 (1/1)
class 8 7
	Recall: 0 (0/1)
	Precison: 0 (0/2)
class 9 8
	Recall: 0 (0/1)
	Precison: 0 (0/1)
class 10 9
	Recall: 0.5 (1/2)
	Precison: 1 (1/1)
mean absolute error: 0.507937

