total data point num: 23
2: 0.985813 0.966299 0.931106 0.461526 0.145839 0.041769 0.0197711 0.00839175 0.00566712 0.00808178
6: 0.975746 0.957455 0.94147 0.929689 0.890859 0.64933 0.539662 0.196725 0.119529 0.0975311
5: 0.976836 0.951028 0.928771 0.884505 0.839395 0.5829 0.466236 0.184841 0.119912 0.0881216
2: 0.974597 0.934044 0.880699 0.451852 0.186497 0.0569336 0.036273 0.0220667 0.0160898 0.0206442
9: 0.931472 0.850734 0.84529 0.965274 0.98511 0.947463 0.949641 0.871072 0.797631 0.622681
4: 0.983736 0.971016 0.955461 0.897184 0.786829 0.44747 0.305756 0.0751015 0.0427903 0.0411347
8: 0.967969 0.946201 0.943285 0.987463 0.993668 0.974988 0.96636 0.798093 0.658124 0.452195
2: 0.971838 0.931968 0.878436 0.474998 0.21187 0.06775 0.0427076 0.0262116 0.0192564 0.0238167
4: 0.979797 0.958559 0.934346 0.810601 0.627054 0.29512 0.190779 0.0626683 0.0385091 0.0384306
3: 0.986052 0.969497 0.945039 0.701532 0.383985 0.134542 0.0693189 0.0210366 0.0128952 0.0152625
6: 0.988527 0.981688 0.973356 0.952061 0.917585 0.748177 0.554676 0.115193 0.0600899 0.0449911
3: 0.987372 0.972272 0.947038 0.645263 0.297226 0.0923331 0.0444946 0.0138926 0.00860938 0.0110249
3: 0.972111 0.935477 0.896724 0.703246 0.494822 0.198391 0.140001 0.0676383 0.0458598 0.0468032
6: 0.983218 0.974443 0.966374 0.968387 0.95999 0.858342 0.758058 0.255373 0.145822 0.100743
8: 0.96961 0.948893 0.942485 0.980633 0.990192 0.96778 0.94948 0.732324 0.580772 0.365036
8: 0.967524 0.942991 0.937618 0.980049 0.987959 0.954636 0.938445 0.70094 0.541403 0.363915
3: 0.983685 0.963075 0.932726 0.643737 0.327638 0.107716 0.0582046 0.0214411 0.0137643 0.0165982
2: 0.980578 0.949289 0.900732 0.406535 0.152839 0.0518763 0.027076 0.0148891 0.0108292 0.0131965
8: 0.96923 0.946325 0.937986 0.974847 0.986503 0.958017 0.933249 0.693062 0.540055 0.332247
8: 0.968872 0.949381 0.945192 0.985773 0.993244 0.975714 0.963863 0.780626 0.636074 0.418782
9: 0.961189 0.93413 0.931403 0.987293 0.995183 0.98225 0.976342 0.868855 0.768844 0.548974
3: 0.981338 0.956791 0.922315 0.615239 0.333725 0.12312 0.0684218 0.0268636 0.0180262 0.020022
6: 0.988881 0.981628 0.972704 0.948678 0.912207 0.731532 0.542452 0.11414 0.0611694 0.0442732
mean zero one error: 0.478261
class 1 0
	Recall: -nan (0/0)
	Precison: -nan (0/0)
class 2 1
	Recall: -nan (0/0)
	Precison: -nan (0/0)
class 3 2
	Recall: 0 (0/1)
	Precison: 0 (0/4)
class 4 3
	Recall: 0.666667 (4/6)
	Precison: 0.8 (4/5)
class 5 4
	Recall: 0.4 (2/5)
	Precison: 1 (2/2)
class 6 5
	Recall: 0 (0/2)
	Precison: 0 (0/1)
class 7 6
	Recall: 1 (3/3)
	Precison: 0.75 (3/4)
class 8 7
	Recall: 0 (0/2)
	Precison: -nan (0/0)
class 9 8
	Recall: 1 (1/1)
	Precison: 0.2 (1/5)
class 10 9
	Recall: 0.666667 (2/3)
	Precison: 1 (2/2)
mean absolute error: 0.913043

