total data point num: 56
3: 0.996086 0.992924 0.993072 0.994079 0.399364
3: 0.982672 0.975592 0.956347 0.605294 0.487275
4: 0.990305 0.984377 0.989527 0.997819 0.896424
2: 0.986945 0.967194 0.909723 0.483602 0.0275459
4: 0.993564 0.988843 0.990716 0.995128 0.632608
2: 0.958881 0.92771 0.873096 0.496808 0.444919
2: 0.976848 0.949533 0.878855 0.360124 0.0567731
3: 0.994503 0.986991 0.986435 0.992856 0.236626
3: 0.980833 0.943043 0.888183 0.761694 0.055715
3: 0.98687 0.97297 0.962666 0.92323 0.398261
2: 0.961276 0.862669 0.681115 0.386952 0.020853
2: 0.97326 0.944059 0.858264 0.244118 0.0759443
2: 0.978818 0.955559 0.896355 0.407848 0.072233
3: 0.955889 0.877261 0.809491 0.816581 0.262704
4: 0.974932 0.96938 0.970179 0.938463 0.981352
3: 0.983564 0.960594 0.950269 0.947299 0.355062
2: 0.978862 0.93864 0.823107 0.220424 0.0137779
3: 0.98483 0.965608 0.935542 0.745512 0.101851
4: 0.992294 0.9849 0.988088 0.997025 0.696985
3: 0.955889 0.877261 0.809491 0.816581 0.262704
4: 0.992949 0.987071 0.990505 0.997912 0.769964
2: 0.941736 0.803584 0.574493 0.292446 0.0316824
3: 0.988174 0.973814 0.955861 0.872507 0.071653
3: 0.96228 0.904967 0.85016 0.769671 0.259016
3: 0.994908 0.987435 0.986177 0.991629 0.171193
4: 0.949487 0.87966 0.842802 0.884358 0.60185
2: 0.941736 0.803584 0.574493 0.292446 0.0316824
3: 0.995048 0.986896 0.973483 0.893207 0.0130627
2: 0.972051 0.938291 0.857049 0.349111 0.0654191
2: 0.941736 0.803584 0.574493 0.292446 0.0316824
2: 0.978236 0.939149 0.826097 0.288175 0.0492363
3: 0.981622 0.949588 0.920258 0.898646 0.105261
4: 0.984703 0.979268 0.979402 0.965518 0.942112
3: 0.978694 0.958608 0.921585 0.569061 0.274339
3: 0.992284 0.981092 0.979114 0.98854 0.221702
4: 0.991367 0.98133 0.982688 0.993276 0.519859
4: 0.984362 0.979559 0.979054 0.952516 0.94949
2: 0.978685 0.947846 0.851234 0.218305 0.0205273
3: 0.995246 0.987802 0.985859 0.990154 0.122042
3: 0.975526 0.939619 0.877075 0.560245 0.113115
2: 0.963985 0.896071 0.697026 0.0976126 0.0175182
2: 0.972787 0.950373 0.904211 0.477498 0.275612
2: 0.977409 0.935628 0.811372 0.260863 0.0424553
3: 0.991912 0.979487 0.976306 0.985176 0.188203
3: 0.960758 0.906521 0.858276 0.788691 0.332467
3: 0.975577 0.950664 0.91093 0.68849 0.463069
3: 0.989564 0.978109 0.977809 0.986762 0.43827
3: 0.995941 0.990018 0.988887 0.992519 0.133849
3: 0.990271 0.977643 0.95728 0.827528 0.0355456
3: 0.95329 0.869527 0.80837 0.841632 0.363726
3: 0.992552 0.980915 0.978097 0.987022 0.171571
3: 0.98616 0.971101 0.945023 0.760077 0.220051
3: 0.995621 0.991595 0.990941 0.990343 0.302808
2: 0.938342 0.819115 0.549359 0.0866879 0.0255438
3: 0.995273 0.990912 0.987567 0.967817 0.164314
3: 0.993124 0.981898 0.961299 0.826454 0.0151301
mean zero one error: 0.607143
class 1 0
	Recall: 0 (0/3)
	Precison: -nan (0/0)
class 2 1
	Recall: 0 (0/3)
	Precison: -nan (0/0)
class 3 2
	Recall: 1 (3/3)
	Precison: 0.176471 (3/17)
class 4 3
	Recall: 0.517241 (15/29)
	Precison: 0.5 (15/30)
class 5 4
	Recall: 0.222222 (4/18)
	Precison: 0.444444 (4/9)
mean absolute error: 0.714286

