total data point num: 59
0: 0.989259 0.495908 0.295631 0.104461 0.0439847
3: 0.979044 0.888946 0.791068 0.519351 0.267025
2: 0.985254 0.814775 0.648254 0.338685 0.157024
2: 0.981255 0.69222 0.600207 0.297241 0.10875
0: 0.99464 0.43337 0.342309 0.0609207 0.0179603
1: 0.987291 0.641943 0.423824 0.17724 0.077505
2: 0.986211 0.704055 0.508174 0.22645 0.0983165
1: 0.980506 0.691406 0.496328 0.258904 0.121227
1: 0.982504 0.660634 0.442926 0.225657 0.105813
2: 0.970137 0.821446 0.637978 0.455986 0.261675
1: 0.978173 0.719349 0.489206 0.2893 0.14992
0: 0.993873 0.495096 0.380656 0.0816951 0.0252181
2: 0.970645 0.821999 0.630226 0.455361 0.262375
2: 0.96394 0.821699 0.631711 0.487722 0.29572
2: 0.970923 0.817928 0.636813 0.453266 0.257299
3: 0.963569 0.843442 0.675118 0.526057 0.320685
1: 0.990869 0.618549 0.425186 0.142715 0.0553345
2: 0.978175 0.75841 0.577763 0.344316 0.166397
0: 0.991938 0.493693 0.32457 0.088748 0.0332005
1: 0.986833 0.569223 0.337885 0.143155 0.0651711
1: 0.991706 0.590094 0.397467 0.119902 0.0461344
2: 0.979083 0.766252 0.550281 0.331436 0.1707
0: 0.993211 0.473192 0.315612 0.0755237 0.0269987
1: 0.982466 0.667523 0.432185 0.22246 0.108318
1: 0.989597 0.643932 0.423588 0.156792 0.0669265
2: 0.970856 0.778364 0.580262 0.400385 0.220502
1: 0.978081 0.671906 0.496456 0.268476 0.121519
0: 0.990415 0.49325 0.313644 0.0987554 0.0387244
3: 0.94684 0.888307 0.749723 0.664514 0.465607
2: 0.977753 0.826178 0.641343 0.417861 0.2234
2: 0.974186 0.826051 0.649641 0.442492 0.242561
1: 0.990591 0.542659 0.323541 0.108388 0.0458418
2: 0.973609 0.851319 0.676238 0.481697 0.277784
1: 0.985095 0.60162 0.427869 0.180369 0.0734872
2: 0.974241 0.852266 0.70334 0.484115 0.267402
1: 0.990639 0.515772 0.308029 0.100303 0.0417146
0: 0.994834 0.257232 0.184146 0.0325004 0.0100586
2: 0.975754 0.777199 0.577781 0.370471 0.197323
1: 0.981219 0.705847 0.486011 0.263793 0.128412
2: 0.986643 0.7237 0.507052 0.233291 0.10598
0: 0.99479 0.392247 0.286931 0.0513551 0.0161559
0: 0.992283 0.44955 0.271021 0.0737273 0.0289256
2: 0.980587 0.715998 0.500104 0.275114 0.135642
2: 0.98062 0.753325 0.555118 0.31019 0.151238
1: 0.989063 0.685404 0.484309 0.187368 0.0778369
1: 0.990883 0.527613 0.328624 0.1031 0.0418235
1: 0.991301 0.638689 0.471441 0.144469 0.0532924
1: 0.984738 0.695348 0.470775 0.226854 0.106061
2: 0.9758 0.740754 0.510505 0.323299 0.174394
1: 0.986956 0.678254 0.476396 0.202691 0.0869186
0: 0.99369 0.47728 0.290481 0.0702543 0.0269241
1: 0.991231 0.600673 0.414988 0.128812 0.0495413
1: 0.986242 0.595172 0.377487 0.159637 0.0715376
2: 0.976663 0.754192 0.539774 0.335745 0.176144
0: 0.99043 0.448584 0.279323 0.0866533 0.0337795
0: 0.993249 0.430085 0.256939 0.0633722 0.0245546
1: 0.984706 0.665316 0.460854 0.215988 0.0951018
0: 0.995751 0.259876 0.146863 0.0256091 0.0094924
0: 0.992752 0.443744 0.314787 0.0767996 0.0254174
mean zero one error: 0.644068
class 1 0
	Recall: 0.473684 (9/19)
	Precison: 0.642857 (9/14)
class 2 1
	Recall: 0.411765 (7/17)
	Precison: 0.318182 (7/22)
class 3 2
	Recall: 0.384615 (5/13)
	Precison: 0.25 (5/20)
class 4 3
	Recall: 0 (0/7)
	Precison: 0 (0/3)
class 5 4
	Recall: 0 (0/3)
	Precison: -nan (0/0)
mean absolute error: 0.864407

